  0.000   0.000 
  0.010   0.010 
  0.020   0.020 
  0.030   0.031 
  0.040   0.042 
  0.050   0.053 
  0.060   0.064 
  0.070   0.075 
  0.080   0.087 
  0.090   0.098 
  0.100   0.110 
  0.110   0.123 
  0.120   0.135 
  0.130   0.148 
  0.140   0.161 
  0.150   0.174 
  0.160   0.187 
  0.170   0.201 
  0.180   0.214 
  0.190   0.228 
  0.200   0.243 
  0.210   0.257 
  0.220   0.272 
  0.230   0.287 
  0.240   0.302 
  0.250   0.318 
  0.260   0.333 
  0.270   0.349 
  0.280   0.366 
  0.290   0.382 
  0.300   0.399 
  0.310   0.416 
  0.320   0.433 
  0.330   0.451 
  0.340   0.469 
  0.350   0.487 
  0.360   0.505 
  0.370   0.524 
  0.380   0.542 
  0.390   0.562 
  0.400   0.581 
  0.410   0.601 
  0.420   0.621 
  0.430   0.641 
  0.440   0.661 
  0.450   0.682 
  0.460   0.703 
  0.470   0.725 
  0.480   0.746 
  0.490   0.768 
  0.500   0.790 
  0.510   0.813 
  0.520   0.836 
  0.530   0.859 
  0.540   0.882 
  0.550   0.906 
  0.560   0.930 
  0.570   0.954 
  0.580   0.979 
  0.590   1.004 
  0.600   1.029 
  0.610   1.054 
  0.620   1.080 
  0.630   1.106 
  0.640   1.133 
  0.650   1.159 
  0.660   1.186 
  0.670   1.214 
  0.680   1.241 
  0.690   1.269 
  0.700   1.297 
  0.710   1.326 
  0.720   1.355 
  0.730   1.384 
  0.740   1.413 
  0.750   1.443 
  0.760   1.473 
  0.770   1.503 
  0.780   1.534 
  0.790   1.565 
  0.800   1.597 
  0.810   1.628 
  0.820   1.660 
  0.830   1.692 
  0.840   1.725 
  0.850   1.758 
  0.860   1.791 
  0.870   1.824 
  0.880   1.858 
  0.890   1.892 
  0.900   1.927 
  0.910   1.961 
  0.920   1.996 
  0.930   2.032 
  0.940   2.067 
  0.950   2.103 
  0.960   2.139 
  0.970   2.176 
  0.980   2.213 
  0.990   2.250 
  1.000   2.287 
  1.010   2.325 
  1.020   2.363 
  1.030   2.401 
  1.040   2.440 
  1.050   2.479 
  1.060   2.518 
  1.070   2.557 
  1.080   2.597 
  1.090   2.637 
  1.100   2.677 
  1.110   2.718 
  1.120   2.759 
  1.130   2.800 
  1.140   2.841 
  1.150   2.883 
  1.160   2.925 
  1.170   2.967 
  1.180   3.009 
  1.190   3.052 
  1.200   3.094 
  1.210   3.138 
  1.220   3.181 
  1.230   3.224 
  1.240   3.268 
  1.250   3.312 
  1.260   3.357 
  1.270   3.401 
  1.280   3.446 
  1.290   3.491 
  1.300   3.536 
  1.310   3.581 
  1.320   3.626 
  1.330   3.672 
  1.340   3.718 
  1.350   3.764 
  1.360   3.810 
  1.370   3.856 
  1.380   3.903 
  1.390   3.949 
  1.400   3.996 
  1.410   4.043 
  1.420   4.090 
  1.430   4.137 
  1.440   4.185 
  1.450   4.232 
  1.460   4.280 
  1.470   4.327 
  1.480   4.375 
  1.490   4.423 
  1.500   4.470 
  1.510   4.518 
  1.520   4.566 
  1.530   4.614 
  1.540   4.662 
  1.550   4.710 
  1.560   4.759 
  1.570   4.807 
  1.580   4.855 
  1.590   4.903 
  1.600   4.951 
  1.610   4.999 
  1.620   5.047 
  1.630   5.095 
  1.640   5.143 
  1.650   5.191 
  1.660   5.238 
  1.670   5.286 
  1.680   5.334 
  1.690   5.381 
  1.700   5.428 
  1.710   5.475 
  1.720   5.522 
  1.730   5.569 
  1.740   5.616 
  1.750   5.662 
  1.760   5.709 
  1.770   5.755 
  1.780   5.801 
  1.790   5.846 
  1.800   5.891 
  1.810   5.936 
  1.820   5.981 
  1.830   6.026 
  1.840   6.070 
  1.850   6.114 
  1.860   6.157 
  1.870   6.200 
  1.880   6.243 
  1.890   6.285 
  1.900   6.327 
  1.910   6.368 
  1.920   6.409 
  1.930   6.450 
  1.940   6.490 
  1.950   6.529 
  1.960   6.568 
  1.970   6.607 
  1.980   6.645 
  1.990   6.682 
  2.000   6.719 
  2.010   6.755 
  2.020   6.790 
  2.030   6.825 
  2.040   6.859 
  2.050   6.893 
  2.060   6.926 
  2.070   6.958 
  2.080   6.989 
  2.090   7.019 
  2.100   7.049 
  2.110   7.078 
  2.120   7.106 
  2.130   7.133 
  2.140   7.159 
  2.150   7.185 
  2.160   7.209 
  2.170   7.232 
  2.180   7.255 
  2.190   7.276 
  2.200   7.297 
  2.210   7.316 
  2.220   7.334 
  2.230   7.351 
  2.240   7.367 
  2.250   7.382 
  2.260   7.396 
  2.270   7.408 
  2.280   7.419 
  2.290   7.429 
  2.300   7.438 
  2.310   7.445 
  2.320   7.451 
  2.330   7.455 
  2.340   7.459 
  2.350   7.460 
  2.360   7.460 
  2.370   7.459 
  2.380   7.456 
  2.390   7.452 
  2.400   7.446 
  2.410   7.438 
  2.420   7.429 
  2.430   7.418 
  2.440   7.405 
  2.450   7.391 
  2.460   7.374 
  2.470   7.356 
  2.480   7.336 
  2.490   7.315 
  2.500   7.291 
  2.510   7.265 
  2.520   7.238 
  2.530   7.208 
  2.540   7.176 
  2.550   7.142 
  2.560   7.106 
  2.570   7.068 
  2.580   7.028 
  2.590   6.985 
  2.600   6.941 
  2.610   6.893 
  2.620   6.844 
  2.630   6.792 
  2.640   6.738 
  2.650   6.681 
  2.660   6.622 
  2.670   6.560 
  2.680   6.496 
  2.690   6.429 
  2.700   6.359 
  2.710   6.287 
  2.720   6.212 
  2.730   6.134 
  2.740   6.054 
  2.750   5.970 
  2.760   5.884 
  2.770   5.795 
  2.780   5.702 
  2.790   5.607 
  2.800   5.509 
  2.810   5.407 
  2.820   5.303 
  2.830   5.195 
  2.840   5.084 
  2.850   4.970 
  2.860   4.852 
  2.870   4.731 
  2.880   4.607 
  2.890   4.479 
  2.900   4.348 
  2.910   4.213 
  2.920   4.075 
  2.930   3.933 
  2.940   3.788 
  2.950   3.638 
  2.960   3.485 
  2.970   3.328 
  2.980   3.168 
  2.990   3.003 
  3.000   2.834 
  3.010   2.662 
  3.020   2.485 
  3.030   2.305 
  3.040   2.120 
  3.050   1.931 
  3.060   1.738 
  3.070   1.541 
  3.080   1.339 
  3.090   1.133 
  3.100   0.923 
  3.110   0.708 
  3.120   0.489 
  3.130   0.265 
  3.140   0.037 
  3.150  -0.196 
  3.160  -0.434 
  3.170  -0.676 
  3.180  -0.923 
  3.190  -1.175 
  3.200  -1.432 
  3.210  -1.694 
  3.220  -1.960 
  3.230  -2.232 
  3.240  -2.509 
  3.250  -2.790 
  3.260  -3.077 
  3.270  -3.369 
  3.280  -3.667 
  3.290  -3.969 
  3.300  -4.277 
  3.310  -4.590 
  3.320  -4.909 
  3.330  -5.233 
  3.340  -5.562 
  3.350  -5.897 
  3.360  -6.238 
  3.370  -6.584 
  3.380  -6.936 
  3.390  -7.294 
  3.400  -7.657 
  3.410  -8.026 
  3.420  -8.401 
  3.430  -8.782 
  3.440  -9.169 
  3.450  -9.562 
  3.460  -9.960 
  3.470 -10.365 
  3.480 -10.776 
  3.490 -11.193 
  3.500 -11.616 
  3.510 -12.046 
  3.520 -12.481 
  3.530 -12.923 
  3.540 -13.371 
  3.550 -13.826 
  3.560 -14.287 
  3.570 -14.754 
  3.580 -15.228 
  3.590 -15.709 
  3.600 -16.195 
  3.610 -16.689 
  3.620 -17.189 
  3.630 -17.696 
  3.640 -18.209 
  3.650 -18.729 
  3.660 -19.256 
  3.670 -19.789 
  3.680 -20.329 
  3.690 -20.877 
  3.700 -21.430 
  3.710 -21.991 
  3.720 -22.559 
  3.730 -23.133 
  3.740 -23.715 
  3.750 -24.303 
  3.760 -24.899 
  3.770 -25.501 
  3.780 -26.111 
  3.790 -26.727 
  3.800 -27.351 
  3.810 -27.981 
  3.820 -28.619 
  3.830 -29.264 
  3.840 -29.916 
  3.850 -30.575 
  3.860 -31.241 
  3.870 -31.914 
  3.880 -32.595 
  3.890 -33.283 
  3.900 -33.977 
  3.910 -34.679 
  3.920 -35.388 
  3.930 -36.105 
  3.940 -36.828 
  3.950 -37.559 
  3.960 -38.297 
  3.970 -39.042 
  3.980 -39.794 
  3.990 -40.554 
  4.000 -41.320 
